
> monportfolio@0.1.0 build
> next build

⚠ Warning: Next.js inferred your workspace root, but it may not be correct.
 We detected multiple lockfiles and selected the directory of /home/alger/package-lock.json as the root directory.
 To silence this warning, set `turbopack.root` in your Next.js config, or consider removing one of the lockfiles if it's not needed.
   See https://nextjs.org/docs/app/api-reference/config/next-config-js/turbopack#root-directory for more information.
 Detected additional lockfiles: 
   * /home/alger/MonPortfolio/monportfolio/package-lock.json

▲ Next.js 16.2.7 (Turbopack)

  Creating an optimized production build ...

> Build error occurred
Error: Turbopack build failed with 2 errors:
./MonPortfolio/monportfolio/src/data/portfolio.ts:1:1
Export SiLinkedin doesn't exist in target module
[31m[1m>[0m [90m1 |[0m [36mimport[0m { 
  [90m  |[0m [31m[1m^^^^^^^^[0m
[31m[1m>[0m [90m2 |[0m   [33mSiReact[0m, [33mSiNextdotjs[0m, [33mSiTailwindcss[0m, [33mSiFlutter[0m, 
  [90m  |[0m [31m[1m^^^^^^^^^^^^^^^^^^^^^^^^^^^^^^^^^^^^^^^^^^^^^^^^^^[0m
[31m[1m>[0m [90m3 |[0m   [33mSiNodedotjs[0m, [33mSiExpress[0m, [33mSiSupabase[0m, [33mSiPostgresql[0m, [33mSiMysql[0m,
  [90m  |[0m [31m[1m^^^^^^^^^^^^^^^^^^^^^^^^^^^^^^^^^^^^^^^^^^^^^^^^^^^^^^^^^^^^[0m
[31m[1m>[0m [90m4 |[0m   [33mSiGithub[0m, [33mSiLinkedin[0m, [33mSiWhatsapp[0m 
  [90m  |[0m [31m[1m^^^^^^^^^^^^^^^^^^^^^^^^^^^^^^^^^^^[0m
[31m[1m>[0m [90m5 |[0m } [36mfrom[0m [32m"react-icons/si"[0m;
  [90m  |[0m [31m[1m^^^^^^^^^^^^^^^^^^^^^^^^[0m
  [90m6 |[0m [36mimport[0m { [33mFiMail[0m } [36mfrom[0m [32m"react-icons/fi"[0m;
  [90m7 |[0m
  [90m8 |[0m [36mexport[0m [36mconst[0m portfolioData = {

The export SiLinkedin was not found in module [project]/MonPortfolio/monportfolio/node_modules/react-icons/si/index.mjs [app-client] (ecmascript).
Did you mean to import SiLinkerd?
All exports of the module are statically known (It doesn't have dynamic exports). So it's known statically that the requested export doesn't exist.

Import traces:
  Client Component Browser:
    ./MonPortfolio/monportfolio/src/data/portfolio.ts [Client Component Browser]
    ./MonPortfolio/monportfolio/src/components/Contact.tsx [Client Component Browser]
    ./MonPortfolio/monportfolio/src/app/page.tsx [Client Component Browser]
    ./MonPortfolio/monportfolio/src/app/page.tsx [Server Component]

  Client Component SSR:
    ./MonPortfolio/monportfolio/src/data/portfolio.ts [Client Component SSR]
    ./MonPortfolio/monportfolio/src/components/Contact.tsx [Client Component SSR]
    ./MonPortfolio/monportfolio/src/app/page.tsx [Client Component SSR]
    ./MonPortfolio/monportfolio/src/app/page.tsx [Server Component]


./MonPortfolio/monportfolio/src/data/portfolio.ts:1:1
Export SiLinkedin doesn't exist in target module
[31m[1m>[0m [90m1 |[0m [36mimport[0m { 
  [90m  |[0m [31m[1m^^^^^^^^[0m
[31m[1m>[0m [90m2 |[0m   [33mSiReact[0m, [33mSiNextdotjs[0m, [33mSiTailwindcss[0m, [33mSiFlutter[0m, 
  [90m  |[0m [31m[1m^^^^^^^^^^^^^^^^^^^^^^^^^^^^^^^^^^^^^^^^^^^^^^^^^^[0m
[31m[1m>[0m [90m3 |[0m   [33mSiNodedotjs[0m, [33mSiExpress[0m, [33mSiSupabase[0m, [33mSiPostgresql[0m, [33mSiMysql[0m,
  [90m  |[0m [31m[1m^^^^^^^^^^^^^^^^^^^^^^^^^^^^^^^^^^^^^^^^^^^^^^^^^^^^^^^^^^^^[0m
[31m[1m>[0m [90m4 |[0m   [33mSiGithub[0m, [33mSiLinkedin[0m, [33mSiWhatsapp[0m 
  [90m  |[0m [31m[1m^^^^^^^^^^^^^^^^^^^^^^^^^^^^^^^^^^^[0m
[31m[1m>[0m [90m5 |[0m } [36mfrom[0m [32m"react-icons/si"[0m;
  [90m  |[0m [31m[1m^^^^^^^^^^^^^^^^^^^^^^^^[0m
  [90m6 |[0m [36mimport[0m { [33mFiMail[0m } [36mfrom[0m [32m"react-icons/fi"[0m;
  [90m7 |[0m
  [90m8 |[0m [36mexport[0m [36mconst[0m portfolioData = {

The export SiLinkedin was not found in module [project]/MonPortfolio/monportfolio/node_modules/react-icons/si/index.mjs [app-ssr] (ecmascript).
Did you mean to import SiLinkerd?
All exports of the module are statically known (It doesn't have dynamic exports). So it's known statically that the requested export doesn't exist.

Import traces:
  Client Component Browser:
    ./MonPortfolio/monportfolio/src/data/portfolio.ts [Client Component Browser]
    ./MonPortfolio/monportfolio/src/components/Contact.tsx [Client Component Browser]
    ./MonPortfolio/monportfolio/src/app/page.tsx [Client Component Browser]
    ./MonPortfolio/monportfolio/src/app/page.tsx [Server Component]

  Client Component SSR:
    ./MonPortfolio/monportfolio/src/data/portfolio.ts [Client Component SSR]
    ./MonPortfolio/monportfolio/src/components/Contact.tsx [Client Component SSR]
    ./MonPortfolio/monportfolio/src/app/page.tsx [Client Component SSR]
    ./MonPortfolio/monportfolio/src/app/page.tsx [Server Component]


    at <unknown> (./MonPortfolio/monportfolio/src/data/portfolio.ts:1:1)
    at <unknown> (./MonPortfolio/monportfolio/src/data/portfolio.ts:1:1)
